0 info it worked if it ends with ok
1 verbose cli [ '/Users/vitaly/.nvm/versions/node/v6.3.1/bin/node',
1 verbose cli   '/Users/vitaly/.nvm/versions/node/v6.3.1/bin/npm',
1 verbose cli   'run',
1 verbose cli   'lint' ]
2 info using npm@3.10.3
3 info using node@v6.3.1
4 verbose run-script [ 'prelint', 'lint', 'postlint' ]
5 info lifecycle pokemongo-enhanced@1.0.0~prelint: pokemongo-enhanced@1.0.0
6 silly lifecycle pokemongo-enhanced@1.0.0~prelint: no script for prelint, continuing
7 info lifecycle pokemongo-enhanced@1.0.0~lint: pokemongo-enhanced@1.0.0
8 verbose lifecycle pokemongo-enhanced@1.0.0~lint: unsafe-perm in lifecycle true
9 verbose lifecycle pokemongo-enhanced@1.0.0~lint: PATH: /Users/vitaly/.nvm/versions/node/v6.3.1/lib/node_modules/npm/bin/node-gyp-bin:/Users/vitaly/projects/Pokemon-Enhanced/Enhanced-Backend/node_modules/.bin:/Users/vitaly/.nvm/versions/node/v6.3.1/bin:/Users/vitaly/.nvm/versions/node/v6.3.1/bin:/Users/vitaly/google-cloud-sdk/bin:/Users/vitaly/.rvm/gems/ruby-2.2.0/bin:/Users/vitaly/.rvm/gems/ruby-2.2.0@global/bin:/Users/vitaly/.rvm/rubies/ruby-2.2.0/bin:/usr/local/bin:/usr/bin:/bin:/usr/sbin:/sbin:/opt/X11/bin:/Library/TeX/texbin:/Users/vitaly/.rvm/bin:/usr/local/sbin
10 verbose lifecycle pokemongo-enhanced@1.0.0~lint: CWD: /Users/vitaly/projects/Pokemon-Enhanced/Enhanced-Backend
11 silly lifecycle pokemongo-enhanced@1.0.0~lint: Args: [ '-c', 'eslint ./lib' ]
12 silly lifecycle pokemongo-enhanced@1.0.0~lint: Returned: code: 1  signal: null
13 info lifecycle pokemongo-enhanced@1.0.0~lint: Failed to exec lint script
14 verbose stack Error: pokemongo-enhanced@1.0.0 lint: `eslint ./lib`
14 verbose stack Exit status 1
14 verbose stack     at EventEmitter.<anonymous> (/Users/vitaly/.nvm/versions/node/v6.3.1/lib/node_modules/npm/lib/utils/lifecycle.js:242:16)
14 verbose stack     at emitTwo (events.js:106:13)
14 verbose stack     at EventEmitter.emit (events.js:191:7)
14 verbose stack     at ChildProcess.<anonymous> (/Users/vitaly/.nvm/versions/node/v6.3.1/lib/node_modules/npm/lib/utils/spawn.js:40:14)
14 verbose stack     at emitTwo (events.js:106:13)
14 verbose stack     at ChildProcess.emit (events.js:191:7)
14 verbose stack     at maybeClose (internal/child_process.js:852:16)
14 verbose stack     at Process.ChildProcess._handle.onexit (internal/child_process.js:215:5)
15 verbose pkgid pokemongo-enhanced@1.0.0
16 verbose cwd /Users/vitaly/projects/Pokemon-Enhanced/Enhanced-Backend
17 error Darwin 15.6.0
18 error argv "/Users/vitaly/.nvm/versions/node/v6.3.1/bin/node" "/Users/vitaly/.nvm/versions/node/v6.3.1/bin/npm" "run" "lint"
19 error node v6.3.1
20 error npm  v3.10.3
21 error code ELIFECYCLE
22 error pokemongo-enhanced@1.0.0 lint: `eslint ./lib`
22 error Exit status 1
23 error Failed at the pokemongo-enhanced@1.0.0 lint script 'eslint ./lib'.
23 error Make sure you have the latest version of node.js and npm installed.
23 error If you do, this is most likely a problem with the pokemongo-enhanced package,
23 error not with npm itself.
23 error Tell the author that this fails on your system:
23 error     eslint ./lib
23 error You can get information on how to open an issue for this project with:
23 error     npm bugs pokemongo-enhanced
23 error Or if that isn't available, you can get their info via:
23 error     npm owner ls pokemongo-enhanced
23 error There is likely additional logging output above.
24 verbose exit [ 1, true ]
